{"C:\\Data Flashdisk\\TIAR\\Binar SYNERGY 6\\Tugas\\Challange\\Challenge 8\\binar-car-rental-apps-testing\\api\\index.ts": {"path":"C:\\Data Flashdisk\\TIAR\\Binar SYNERGY 6\\Tugas\\Challange\\Challenge 8\\binar-car-rental-apps-testing\\api\\index.ts","statementMap":{"0":{"start":{"line":1,"column":0},"end":{"line":1,"column":23}},"1":{"start":{"line":2,"column":0},"end":{"line":2,"column":33}},"2":{"start":{"line":3,"column":16},"end":{"line":3,"column":34}},"3":{"start":{"line":4,"column":13},"end":{"line":4,"column":28}},"4":{"start":{"line":5,"column":18},"end":{"line":5,"column":47}},"5":{"start":{"line":6,"column":13},"end":{"line":6,"column":30}},"6":{"start":{"line":7,"column":12},"end":{"line":7,"column":21}},"7":{"start":{"line":8,"column":24},"end":{"line":8,"column":51}},"8":{"start":{"line":9,"column":18},"end":{"line":9,"column":51}},"9":{"start":{"line":10,"column":20},"end":{"line":10,"column":54}},"10":{"start":{"line":11,"column":13},"end":{"line":11,"column":28}},"11":{"start":{"line":12,"column":21},"end":{"line":12,"column":25}},"12":{"start":{"line":13,"column":23},"end":{"line":13,"column":49}},"13":{"start":{"line":14,"column":21},"end":{"line":22,"column":2}},"14":{"start":{"line":24,"column":0},"end":{"line":24,"column":null}},"15":{"start":{"line":26,"column":0},"end":{"line":26,"column":null}},"16":{"start":{"line":27,"column":0},"end":{"line":27,"column":null}},"17":{"start":{"line":28,"column":0},"end":{"line":28,"column":null}},"18":{"start":{"line":29,"column":0},"end":{"line":29,"column":null}},"19":{"start":{"line":30,"column":0},"end":{"line":30,"column":null}},"20":{"start":{"line":31,"column":0},"end":{"line":31,"column":null}},"21":{"start":{"line":32,"column":0},"end":{"line":32,"column":null}},"22":{"start":{"line":33,"column":0},"end":{"line":33,"column":null}},"23":{"start":{"line":34,"column":0},"end":{"line":34,"column":null}},"24":{"start":{"line":35,"column":0},"end":{"line":35,"column":null}},"25":{"start":{"line":37,"column":0},"end":{"line":37,"column":null}},"26":{"start":{"line":39,"column":0},"end":{"line":41,"column":null}},"27":{"start":{"line":40,"column":2},"end":{"line":40,"column":null}}},"fnMap":{"0":{"name":"(anonymous_1)","decl":{"start":{"line":39,"column":17},"end":{"line":39,"column":20}},"loc":{"start":{"line":39,"column":22},"end":{"line":41,"column":1}}}},"branchMap":{},"s":{"0":2,"1":2,"2":2,"3":2,"4":2,"5":2,"6":2,"7":2,"8":2,"9":2,"10":2,"11":2,"12":2,"13":2,"14":2,"15":2,"16":2,"17":2,"18":2,"19":2,"20":2,"21":2,"22":2,"23":2,"24":2,"25":2,"26":2,"27":1},"f":{"0":1},"b":{}}
,"C:\\Data Flashdisk\\TIAR\\Binar SYNERGY 6\\Tugas\\Challange\\Challenge 8\\binar-car-rental-apps-testing\\api\\src\\config\\cloudinaryConfig.ts": {"path":"C:\\Data Flashdisk\\TIAR\\Binar SYNERGY 6\\Tugas\\Challange\\Challenge 8\\binar-car-rental-apps-testing\\api\\src\\config\\cloudinaryConfig.ts","statementMap":{"0":{"start":{"line":1,"column":19},"end":{"line":1,"column":43}},"1":{"start":{"line":2,"column":0},"end":{"line":2,"column":null}},"2":{"start":{"line":4,"column":0},"end":{"line":8,"column":null}},"3":{"start":{"line":10,"column":0},"end":{"line":10,"column":null}}},"fnMap":{},"branchMap":{},"s":{"0":2,"1":2,"2":2,"3":2},"f":{},"b":{}}
,"C:\\Data Flashdisk\\TIAR\\Binar SYNERGY 6\\Tugas\\Challange\\Challenge 8\\binar-car-rental-apps-testing\\api\\src\\controllers\\carsControllers.ts": {"path":"C:\\Data Flashdisk\\TIAR\\Binar SYNERGY 6\\Tugas\\Challange\\Challenge 8\\binar-car-rental-apps-testing\\api\\src\\controllers\\carsControllers.ts","statementMap":{"0":{"start":{"line":2,"column":0},"end":{"line":2,"column":48}},"1":{"start":{"line":3,"column":0},"end":{"line":3,"column":62}},"2":{"start":{"line":4,"column":0},"end":{"line":4,"column":56}},"3":{"start":{"line":19,"column":17},"end":{"line":21,"column":1}},"4":{"start":{"line":20,"column":2},"end":{"line":20,"column":null}},"5":{"start":{"line":23,"column":19},"end":{"line":25,"column":1}},"6":{"start":{"line":24,"column":2},"end":{"line":24,"column":null}},"7":{"start":{"line":28,"column":20},"end":{"line":35,"column":null}},"8":{"start":{"line":28,"column":73},"end":{"line":35,"column":null}},"9":{"start":{"line":29,"column":22},"end":{"line":29,"column":58}},"10":{"start":{"line":31,"column":2},"end":{"line":34,"column":null}},"11":{"start":{"line":37,"column":20},"end":{"line":52,"column":null}},"12":{"start":{"line":37,"column":73},"end":{"line":52,"column":null}},"13":{"start":{"line":38,"column":16},"end":{"line":38,"column":29}},"14":{"start":{"line":39,"column":21},"end":{"line":39,"column":62}},"15":{"start":{"line":41,"column":2},"end":{"line":46,"column":3}},"16":{"start":{"line":42,"column":4},"end":{"line":44,"column":null}},"17":{"start":{"line":45,"column":4},"end":{"line":45,"column":10}},"18":{"start":{"line":48,"column":2},"end":{"line":51,"column":null}},"19":{"start":{"line":54,"column":16},"end":{"line":77,"column":null}},"20":{"start":{"line":54,"column":86},"end":{"line":77,"column":null}},"21":{"start":{"line":55,"column":2},"end":{"line":76,"column":3}},"22":{"start":{"line":56,"column":4},"end":{"line":61,"column":5}},"23":{"start":{"line":57,"column":6},"end":{"line":59,"column":null}},"24":{"start":{"line":60,"column":6},"end":{"line":60,"column":12}},"25":{"start":{"line":62,"column":110},"end":{"line":62,"column":136}},"26":{"start":{"line":63,"column":34},"end":{"line":63,"column":66}},"27":{"start":{"line":64,"column":21},"end":{"line":64,"column":41}},"28":{"start":{"line":65,"column":25},"end":{"line":65,"column":171}},"29":{"start":{"line":66,"column":26},"end":{"line":66,"column":190}},"30":{"start":{"line":68,"column":4},"end":{"line":72,"column":null}},"31":{"start":{"line":74,"column":4},"end":{"line":74,"column":null}},"32":{"start":{"line":75,"column":4},"end":{"line":75,"column":null}},"33":{"start":{"line":79,"column":15},"end":{"line":101,"column":null}},"34":{"start":{"line":79,"column":85},"end":{"line":101,"column":null}},"35":{"start":{"line":80,"column":24},"end":{"line":80,"column":45}},"36":{"start":{"line":81,"column":2},"end":{"line":100,"column":3}},"37":{"start":{"line":82,"column":24},"end":{"line":82,"column":73}},"38":{"start":{"line":83,"column":4},"end":{"line":83,"column":null}},"39":{"start":{"line":84,"column":110},"end":{"line":84,"column":136}},"40":{"start":{"line":85,"column":4},"end":{"line":88,"column":5}},"41":{"start":{"line":86,"column":6},"end":{"line":86,"column":null}},"42":{"start":{"line":87,"column":6},"end":{"line":87,"column":12}},"43":{"start":{"line":89,"column":21},"end":{"line":89,"column":125}},"44":{"start":{"line":90,"column":27},"end":{"line":90,"column":198}},"45":{"start":{"line":91,"column":26},"end":{"line":91,"column":183}},"46":{"start":{"line":92,"column":4},"end":{"line":96,"column":null}},"47":{"start":{"line":98,"column":4},"end":{"line":98,"column":null}},"48":{"start":{"line":99,"column":4},"end":{"line":99,"column":null}},"49":{"start":{"line":103,"column":18},"end":{"line":125,"column":null}},"50":{"start":{"line":103,"column":88},"end":{"line":125,"column":null}},"51":{"start":{"line":104,"column":2},"end":{"line":124,"column":3}},"52":{"start":{"line":105,"column":18},"end":{"line":105,"column":31}},"53":{"start":{"line":106,"column":24},"end":{"line":106,"column":65}},"54":{"start":{"line":107,"column":4},"end":{"line":107,"column":null}},"55":{"start":{"line":109,"column":4},"end":{"line":112,"column":5}},"56":{"start":{"line":110,"column":6},"end":{"line":110,"column":null}},"57":{"start":{"line":111,"column":6},"end":{"line":111,"column":12}},"58":{"start":{"line":114,"column":4},"end":{"line":114,"column":null}},"59":{"start":{"line":115,"column":26},"end":{"line":115,"column":188}},"60":{"start":{"line":117,"column":4},"end":{"line":120,"column":null}},"61":{"start":{"line":122,"column":4},"end":{"line":122,"column":null}},"62":{"start":{"line":123,"column":4},"end":{"line":123,"column":null}},"63":{"start":{"line":127,"column":0},"end":{"line":135,"column":null}}},"fnMap":{"0":{"name":"(anonymous_8)","decl":{"start":{"line":19,"column":17},"end":{"line":19,"column":18}},"loc":{"start":{"line":19,"column":55},"end":{"line":21,"column":1}}},"1":{"name":"(anonymous_9)","decl":{"start":{"line":23,"column":19},"end":{"line":23,"column":20}},"loc":{"start":{"line":23,"column":57},"end":{"line":25,"column":1}}},"2":{"name":"(anonymous_10)","decl":{"start":{"line":28,"column":20},"end":{"line":28,"column":27}},"loc":{"start":{"line":28,"column":73},"end":{"line":35,"column":null}}},"3":{"name":"(anonymous_11)","decl":{"start":{"line":28,"column":73},"end":{"line":28,"column":null}},"loc":{"start":{"line":28,"column":73},"end":{"line":35,"column":1}}},"4":{"name":"(anonymous_12)","decl":{"start":{"line":37,"column":20},"end":{"line":37,"column":27}},"loc":{"start":{"line":37,"column":73},"end":{"line":52,"column":null}}},"5":{"name":"(anonymous_13)","decl":{"start":{"line":37,"column":73},"end":{"line":37,"column":null}},"loc":{"start":{"line":37,"column":73},"end":{"line":52,"column":1}}},"6":{"name":"(anonymous_14)","decl":{"start":{"line":54,"column":16},"end":{"line":54,"column":23}},"loc":{"start":{"line":54,"column":86},"end":{"line":77,"column":null}}},"7":{"name":"(anonymous_15)","decl":{"start":{"line":54,"column":86},"end":{"line":54,"column":null}},"loc":{"start":{"line":54,"column":86},"end":{"line":77,"column":1}}},"8":{"name":"(anonymous_16)","decl":{"start":{"line":79,"column":15},"end":{"line":79,"column":22}},"loc":{"start":{"line":79,"column":85},"end":{"line":101,"column":null}}},"9":{"name":"(anonymous_17)","decl":{"start":{"line":79,"column":85},"end":{"line":79,"column":null}},"loc":{"start":{"line":79,"column":85},"end":{"line":101,"column":1}}},"10":{"name":"(anonymous_18)","decl":{"start":{"line":103,"column":18},"end":{"line":103,"column":25}},"loc":{"start":{"line":103,"column":88},"end":{"line":125,"column":null}}},"11":{"name":"(anonymous_19)","decl":{"start":{"line":103,"column":88},"end":{"line":103,"column":null}},"loc":{"start":{"line":103,"column":88},"end":{"line":125,"column":1}}}},"branchMap":{"0":{"loc":{"start":{"line":41,"column":2},"end":{"line":46,"column":3}},"type":"if","locations":[{"start":{"line":41,"column":2},"end":{"line":46,"column":3}}]},"1":{"loc":{"start":{"line":41,"column":6},"end":{"line":41,"column":53}},"type":"binary-expr","locations":[{"start":{"line":41,"column":6},"end":{"line":41,"column":25}},{"start":{"line":41,"column":29},"end":{"line":41,"column":53}}]},"2":{"loc":{"start":{"line":56,"column":4},"end":{"line":61,"column":5}},"type":"if","locations":[{"start":{"line":56,"column":4},"end":{"line":61,"column":5}}]},"3":{"loc":{"start":{"line":85,"column":4},"end":{"line":88,"column":5}},"type":"if","locations":[{"start":{"line":85,"column":4},"end":{"line":88,"column":5}}]},"4":{"loc":{"start":{"line":85,"column":8},"end":{"line":85,"column":57}},"type":"binary-expr","locations":[{"start":{"line":85,"column":8},"end":{"line":85,"column":28}},{"start":{"line":85,"column":32},"end":{"line":85,"column":57}}]},"5":{"loc":{"start":{"line":89,"column":21},"end":{"line":89,"column":125}},"type":"cond-expr","locations":[{"start":{"line":89,"column":33},"end":{"line":89,"column":54}},{"start":{"line":89,"column":57},"end":{"line":89,"column":125}}]},"6":{"loc":{"start":{"line":109,"column":4},"end":{"line":112,"column":5}},"type":"if","locations":[{"start":{"line":109,"column":4},"end":{"line":112,"column":5}}]}},"s":{"0":3,"1":3,"2":3,"3":3,"4":0,"5":3,"6":0,"7":3,"8":2,"9":2,"10":2,"11":3,"12":4,"13":4,"14":4,"15":4,"16":2,"17":2,"18":2,"19":3,"20":6,"21":6,"22":6,"23":2,"24":2,"25":4,"26":4,"27":4,"28":4,"29":3,"30":2,"31":2,"32":2,"33":3,"34":6,"35":6,"36":6,"37":6,"38":5,"39":5,"40":5,"41":2,"42":2,"43":3,"44":3,"45":2,"46":2,"47":2,"48":2,"49":3,"50":5,"51":5,"52":5,"53":5,"54":4,"55":4,"56":2,"57":2,"58":2,"59":2,"60":2,"61":1,"62":1,"63":3},"f":{"0":0,"1":0,"2":2,"3":2,"4":4,"5":4,"6":6,"7":6,"8":6,"9":6,"10":5,"11":5},"b":{"0":[2],"1":[4,2],"2":[2],"3":[2],"4":[5,3],"5":[1,2],"6":[2]}}
,"C:\\Data Flashdisk\\TIAR\\Binar SYNERGY 6\\Tugas\\Challange\\Challenge 8\\binar-car-rental-apps-testing\\api\\src\\controllers\\usersControllers.ts": {"path":"C:\\Data Flashdisk\\TIAR\\Binar SYNERGY 6\\Tugas\\Challange\\Challenge 8\\binar-car-rental-apps-testing\\api\\src\\controllers\\usersControllers.ts","statementMap":{"0":{"start":{"line":2,"column":0},"end":{"line":2,"column":49}},"1":{"start":{"line":3,"column":0},"end":{"line":3,"column":50}},"2":{"start":{"line":4,"column":0},"end":{"line":4,"column":46}},"3":{"start":{"line":5,"column":0},"end":{"line":5,"column":54}},"4":{"start":{"line":7,"column":18},"end":{"line":9,"column":1}},"5":{"start":{"line":8,"column":2},"end":{"line":8,"column":null}},"6":{"start":{"line":11,"column":14},"end":{"line":44,"column":null}},"7":{"start":{"line":11,"column":67},"end":{"line":44,"column":null}},"8":{"start":{"line":12,"column":24},"end":{"line":12,"column":52}},"9":{"start":{"line":13,"column":27},"end":{"line":13,"column":44}},"10":{"start":{"line":15,"column":20},"end":{"line":15,"column":56}},"11":{"start":{"line":17,"column":2},"end":{"line":20,"column":3}},"12":{"start":{"line":18,"column":4},"end":{"line":18,"column":null}},"13":{"start":{"line":19,"column":4},"end":{"line":19,"column":10}},"14":{"start":{"line":21,"column":28},"end":{"line":23,"column":null}},"15":{"start":{"line":26,"column":2},"end":{"line":29,"column":3}},"16":{"start":{"line":27,"column":4},"end":{"line":27,"column":null}},"17":{"start":{"line":28,"column":4},"end":{"line":28,"column":10}},"18":{"start":{"line":31,"column":16},"end":{"line":35,"column":4}},"19":{"start":{"line":37,"column":2},"end":{"line":43,"column":null}},"20":{"start":{"line":46,"column":17},"end":{"line":57,"column":null}},"21":{"start":{"line":46,"column":70},"end":{"line":57,"column":null}},"22":{"start":{"line":47,"column":24},"end":{"line":47,"column":52}},"23":{"start":{"line":48,"column":27},"end":{"line":48,"column":77}},"24":{"start":{"line":49,"column":23},"end":{"line":49,"column":36}},"25":{"start":{"line":51,"column":25},"end":{"line":51,"column":80}},"26":{"start":{"line":52,"column":2},"end":{"line":56,"column":null}},"27":{"start":{"line":59,"column":23},"end":{"line":61,"column":null}},"28":{"start":{"line":59,"column":93},"end":{"line":61,"column":null}},"29":{"start":{"line":60,"column":2},"end":{"line":60,"column":null}},"30":{"start":{"line":63,"column":22},"end":{"line":96,"column":null}},"31":{"start":{"line":63,"column":92},"end":{"line":96,"column":null}},"32":{"start":{"line":64,"column":2},"end":{"line":95,"column":3}},"33":{"start":{"line":65,"column":27},"end":{"line":65,"column":48}},"34":{"start":{"line":66,"column":4},"end":{"line":66,"column":null}},"35":{"start":{"line":67,"column":25},"end":{"line":67,"column":73}},"36":{"start":{"line":68,"column":4},"end":{"line":68,"column":null}},"37":{"start":{"line":70,"column":4},"end":{"line":73,"column":5}},"38":{"start":{"line":71,"column":6},"end":{"line":71,"column":null}},"39":{"start":{"line":72,"column":6},"end":{"line":72,"column":12}},"40":{"start":{"line":75,"column":29},"end":{"line":75,"column":46}},"41":{"start":{"line":77,"column":4},"end":{"line":80,"column":5}},"42":{"start":{"line":78,"column":6},"end":{"line":78,"column":null}},"43":{"start":{"line":79,"column":6},"end":{"line":79,"column":12}},"44":{"start":{"line":82,"column":4},"end":{"line":85,"column":5}},"45":{"start":{"line":83,"column":6},"end":{"line":83,"column":null}},"46":{"start":{"line":84,"column":6},"end":{"line":84,"column":12}},"47":{"start":{"line":87,"column":24},"end":{"line":87,"column":77}},"48":{"start":{"line":88,"column":4},"end":{"line":91,"column":null}},"49":{"start":{"line":93,"column":4},"end":{"line":93,"column":null}},"50":{"start":{"line":94,"column":4},"end":{"line":94,"column":null}},"51":{"start":{"line":98,"column":0},"end":{"line":104,"column":null}}},"fnMap":{"0":{"name":"(anonymous_8)","decl":{"start":{"line":7,"column":18},"end":{"line":7,"column":19}},"loc":{"start":{"line":7,"column":56},"end":{"line":9,"column":1}}},"1":{"name":"(anonymous_9)","decl":{"start":{"line":11,"column":14},"end":{"line":11,"column":21}},"loc":{"start":{"line":11,"column":67},"end":{"line":44,"column":null}}},"2":{"name":"(anonymous_10)","decl":{"start":{"line":11,"column":67},"end":{"line":11,"column":null}},"loc":{"start":{"line":11,"column":67},"end":{"line":44,"column":1}}},"3":{"name":"(anonymous_11)","decl":{"start":{"line":46,"column":17},"end":{"line":46,"column":24}},"loc":{"start":{"line":46,"column":70},"end":{"line":57,"column":null}}},"4":{"name":"(anonymous_12)","decl":{"start":{"line":46,"column":70},"end":{"line":46,"column":null}},"loc":{"start":{"line":46,"column":70},"end":{"line":57,"column":1}}},"5":{"name":"(anonymous_13)","decl":{"start":{"line":59,"column":23},"end":{"line":59,"column":30}},"loc":{"start":{"line":59,"column":93},"end":{"line":61,"column":null}}},"6":{"name":"(anonymous_14)","decl":{"start":{"line":59,"column":93},"end":{"line":59,"column":null}},"loc":{"start":{"line":59,"column":93},"end":{"line":61,"column":1}}},"7":{"name":"(anonymous_15)","decl":{"start":{"line":63,"column":22},"end":{"line":63,"column":29}},"loc":{"start":{"line":63,"column":92},"end":{"line":96,"column":null}}},"8":{"name":"(anonymous_16)","decl":{"start":{"line":63,"column":92},"end":{"line":63,"column":null}},"loc":{"start":{"line":63,"column":92},"end":{"line":96,"column":1}}}},"branchMap":{"0":{"loc":{"start":{"line":17,"column":2},"end":{"line":20,"column":3}},"type":"if","locations":[{"start":{"line":17,"column":2},"end":{"line":20,"column":3}}]},"1":{"loc":{"start":{"line":26,"column":2},"end":{"line":29,"column":3}},"type":"if","locations":[{"start":{"line":26,"column":2},"end":{"line":29,"column":3}}]},"2":{"loc":{"start":{"line":70,"column":4},"end":{"line":73,"column":5}},"type":"if","locations":[{"start":{"line":70,"column":4},"end":{"line":73,"column":5}}]},"3":{"loc":{"start":{"line":77,"column":4},"end":{"line":80,"column":5}},"type":"if","locations":[{"start":{"line":77,"column":4},"end":{"line":80,"column":5}}]},"4":{"loc":{"start":{"line":82,"column":4},"end":{"line":85,"column":5}},"type":"if","locations":[{"start":{"line":82,"column":4},"end":{"line":85,"column":5}}]}},"s":{"0":3,"1":3,"2":3,"3":3,"4":3,"5":0,"6":3,"7":6,"8":6,"9":6,"10":6,"11":6,"12":2,"13":2,"14":4,"15":4,"16":2,"17":2,"18":2,"19":2,"20":3,"21":2,"22":2,"23":2,"24":2,"25":2,"26":2,"27":3,"28":2,"29":2,"30":3,"31":9,"32":9,"33":9,"34":9,"35":9,"36":8,"37":8,"38":2,"39":2,"40":6,"41":6,"42":2,"43":2,"44":4,"45":2,"46":2,"47":2,"48":2,"49":1,"50":1,"51":3},"f":{"0":0,"1":6,"2":6,"3":2,"4":2,"5":2,"6":2,"7":9,"8":9},"b":{"0":[2],"1":[2],"2":[2],"3":[2],"4":[2]}}
,"C:\\Data Flashdisk\\TIAR\\Binar SYNERGY 6\\Tugas\\Challange\\Challenge 8\\binar-car-rental-apps-testing\\api\\src\\middleware\\authorize.ts": {"path":"C:\\Data Flashdisk\\TIAR\\Binar SYNERGY 6\\Tugas\\Challange\\Challenge 8\\binar-car-rental-apps-testing\\api\\src\\middleware\\authorize.ts","statementMap":{"0":{"start":{"line":2,"column":0},"end":{"line":2,"column":49}},"1":{"start":{"line":3,"column":0},"end":{"line":3,"column":51}},"2":{"start":{"line":6,"column":2},"end":{"line":17,"column":3}},"3":{"start":{"line":7,"column":24},"end":{"line":7,"column":49}},"4":{"start":{"line":8,"column":18},"end":{"line":8,"column":58}},"5":{"start":{"line":9,"column":25},"end":{"line":9,"column":96}},"6":{"start":{"line":11,"column":4},"end":{"line":11,"column":null}},"7":{"start":{"line":12,"column":4},"end":{"line":12,"column":null}},"8":{"start":{"line":14,"column":4},"end":{"line":16,"column":null}},"9":{"start":{"line":20,"column":2},"end":{"line":42,"column":3}},"10":{"start":{"line":21,"column":24},"end":{"line":21,"column":49}},"11":{"start":{"line":22,"column":18},"end":{"line":22,"column":58}},"12":{"start":{"line":23,"column":25},"end":{"line":23,"column":96}},"13":{"start":{"line":24,"column":4},"end":{"line":24,"column":null}},"14":{"start":{"line":26,"column":4},"end":{"line":26,"column":null}},"15":{"start":{"line":28,"column":21},"end":{"line":28,"column":34}},"16":{"start":{"line":29,"column":4},"end":{"line":29,"column":null}},"17":{"start":{"line":31,"column":4},"end":{"line":37,"column":5}},"18":{"start":{"line":32,"column":6},"end":{"line":32,"column":null}},"19":{"start":{"line":34,"column":6},"end":{"line":36,"column":null}},"20":{"start":{"line":39,"column":4},"end":{"line":41,"column":null}},"21":{"start":{"line":46,"column":2},"end":{"line":66,"column":3}},"22":{"start":{"line":47,"column":24},"end":{"line":47,"column":49}},"23":{"start":{"line":48,"column":18},"end":{"line":48,"column":58}},"24":{"start":{"line":49,"column":25},"end":{"line":49,"column":96}},"25":{"start":{"line":51,"column":4},"end":{"line":51,"column":null}},"26":{"start":{"line":53,"column":21},"end":{"line":53,"column":34}},"27":{"start":{"line":55,"column":4},"end":{"line":61,"column":5}},"28":{"start":{"line":56,"column":6},"end":{"line":56,"column":null}},"29":{"start":{"line":58,"column":6},"end":{"line":60,"column":null}},"30":{"start":{"line":63,"column":4},"end":{"line":65,"column":null}},"31":{"start":{"line":69,"column":0},"end":{"line":73,"column":null}}},"fnMap":{"0":{"name":"authorize","decl":{"start":{"line":5,"column":15},"end":{"line":5,"column":24}},"loc":{"start":{"line":5,"column":90},"end":{"line":18,"column":null}}},"1":{"name":"isSuperAdmin","decl":{"start":{"line":19,"column":15},"end":{"line":19,"column":27}},"loc":{"start":{"line":19,"column":93},"end":{"line":43,"column":null}}},"2":{"name":"isAdminOrSuperAdmin","decl":{"start":{"line":45,"column":15},"end":{"line":45,"column":34}},"loc":{"start":{"line":45,"column":100},"end":{"line":67,"column":null}}}},"branchMap":{"0":{"loc":{"start":{"line":8,"column":18},"end":{"line":8,"column":58}},"type":"cond-expr","locations":[{"start":{"line":8,"column":52},"end":{"line":8,"column":56}},{"start":{"line":8,"column":56},"end":{"line":8,"column":58}}]},"1":{"loc":{"start":{"line":8,"column":18},"end":{"line":8,"column":56}},"type":"binary-expr","locations":[{"start":{"line":8,"column":18},"end":{"line":8,"column":56}},{"start":{"line":8,"column":52},"end":{"line":8,"column":56}}]},"2":{"loc":{"start":{"line":8,"column":18},"end":{"line":8,"column":52}},"type":"cond-expr","locations":[{"start":{"line":8,"column":47},"end":{"line":8,"column":50}},{"start":{"line":8,"column":47},"end":{"line":8,"column":52}}]},"3":{"loc":{"start":{"line":8,"column":18},"end":{"line":8,"column":50}},"type":"binary-expr","locations":[{"start":{"line":8,"column":18},"end":{"line":8,"column":50}},{"start":{"line":8,"column":47},"end":{"line":8,"column":50}}]},"4":{"loc":{"start":{"line":8,"column":18},"end":{"line":8,"column":47}},"type":"cond-expr","locations":[{"start":{"line":8,"column":29},"end":{"line":8,"column":31}},{"start":{"line":8,"column":18},"end":{"line":8,"column":47}}]},"5":{"loc":{"start":{"line":8,"column":18},"end":{"line":8,"column":31}},"type":"binary-expr","locations":[{"start":{"line":8,"column":18},"end":{"line":8,"column":31}},{"start":{"line":8,"column":18},"end":{"line":8,"column":31}}]},"6":{"loc":{"start":{"line":9,"column":43},"end":{"line":9,"column":81}},"type":"cond-expr","locations":[{"start":{"line":9,"column":68},"end":{"line":9,"column":72}},{"start":{"line":9,"column":72},"end":{"line":9,"column":81}}]},"7":{"loc":{"start":{"line":9,"column":43},"end":{"line":9,"column":72}},"type":"binary-expr","locations":[{"start":{"line":9,"column":43},"end":{"line":9,"column":72}},{"start":{"line":9,"column":68},"end":{"line":9,"column":72}}]},"8":{"loc":{"start":{"line":22,"column":18},"end":{"line":22,"column":58}},"type":"cond-expr","locations":[{"start":{"line":22,"column":52},"end":{"line":22,"column":56}},{"start":{"line":22,"column":56},"end":{"line":22,"column":58}}]},"9":{"loc":{"start":{"line":22,"column":18},"end":{"line":22,"column":56}},"type":"binary-expr","locations":[{"start":{"line":22,"column":18},"end":{"line":22,"column":56}},{"start":{"line":22,"column":52},"end":{"line":22,"column":56}}]},"10":{"loc":{"start":{"line":22,"column":18},"end":{"line":22,"column":52}},"type":"cond-expr","locations":[{"start":{"line":22,"column":47},"end":{"line":22,"column":50}},{"start":{"line":22,"column":47},"end":{"line":22,"column":52}}]},"11":{"loc":{"start":{"line":22,"column":18},"end":{"line":22,"column":50}},"type":"binary-expr","locations":[{"start":{"line":22,"column":18},"end":{"line":22,"column":50}},{"start":{"line":22,"column":47},"end":{"line":22,"column":50}}]},"12":{"loc":{"start":{"line":22,"column":18},"end":{"line":22,"column":47}},"type":"cond-expr","locations":[{"start":{"line":22,"column":29},"end":{"line":22,"column":31}},{"start":{"line":22,"column":18},"end":{"line":22,"column":47}}]},"13":{"loc":{"start":{"line":22,"column":18},"end":{"line":22,"column":31}},"type":"binary-expr","locations":[{"start":{"line":22,"column":18},"end":{"line":22,"column":31}},{"start":{"line":22,"column":18},"end":{"line":22,"column":31}}]},"14":{"loc":{"start":{"line":23,"column":43},"end":{"line":23,"column":81}},"type":"cond-expr","locations":[{"start":{"line":23,"column":68},"end":{"line":23,"column":72}},{"start":{"line":23,"column":72},"end":{"line":23,"column":81}}]},"15":{"loc":{"start":{"line":23,"column":43},"end":{"line":23,"column":72}},"type":"binary-expr","locations":[{"start":{"line":23,"column":43},"end":{"line":23,"column":72}},{"start":{"line":23,"column":68},"end":{"line":23,"column":72}}]},"16":{"loc":{"start":{"line":31,"column":4},"end":{"line":37,"column":5}},"type":"if","locations":[{"start":{"line":31,"column":4},"end":{"line":37,"column":5}},{"start":{"line":33,"column":11},"end":{"line":37,"column":5}}]},"17":{"loc":{"start":{"line":48,"column":18},"end":{"line":48,"column":58}},"type":"cond-expr","locations":[{"start":{"line":48,"column":52},"end":{"line":48,"column":56}},{"start":{"line":48,"column":56},"end":{"line":48,"column":58}}]},"18":{"loc":{"start":{"line":48,"column":18},"end":{"line":48,"column":56}},"type":"binary-expr","locations":[{"start":{"line":48,"column":18},"end":{"line":48,"column":56}},{"start":{"line":48,"column":52},"end":{"line":48,"column":56}}]},"19":{"loc":{"start":{"line":48,"column":18},"end":{"line":48,"column":52}},"type":"cond-expr","locations":[{"start":{"line":48,"column":47},"end":{"line":48,"column":50}},{"start":{"line":48,"column":47},"end":{"line":48,"column":52}}]},"20":{"loc":{"start":{"line":48,"column":18},"end":{"line":48,"column":50}},"type":"binary-expr","locations":[{"start":{"line":48,"column":18},"end":{"line":48,"column":50}},{"start":{"line":48,"column":47},"end":{"line":48,"column":50}}]},"21":{"loc":{"start":{"line":48,"column":18},"end":{"line":48,"column":47}},"type":"cond-expr","locations":[{"start":{"line":48,"column":29},"end":{"line":48,"column":31}},{"start":{"line":48,"column":18},"end":{"line":48,"column":47}}]},"22":{"loc":{"start":{"line":48,"column":18},"end":{"line":48,"column":31}},"type":"binary-expr","locations":[{"start":{"line":48,"column":18},"end":{"line":48,"column":31}},{"start":{"line":48,"column":18},"end":{"line":48,"column":31}}]},"23":{"loc":{"start":{"line":49,"column":43},"end":{"line":49,"column":81}},"type":"cond-expr","locations":[{"start":{"line":49,"column":68},"end":{"line":49,"column":72}},{"start":{"line":49,"column":72},"end":{"line":49,"column":81}}]},"24":{"loc":{"start":{"line":49,"column":43},"end":{"line":49,"column":72}},"type":"binary-expr","locations":[{"start":{"line":49,"column":43},"end":{"line":49,"column":72}},{"start":{"line":49,"column":68},"end":{"line":49,"column":72}}]},"25":{"loc":{"start":{"line":55,"column":4},"end":{"line":61,"column":5}},"type":"if","locations":[{"start":{"line":55,"column":4},"end":{"line":61,"column":5}},{"start":{"line":57,"column":11},"end":{"line":61,"column":5}}]},"26":{"loc":{"start":{"line":55,"column":8},"end":{"line":55,"column":57}},"type":"binary-expr","locations":[{"start":{"line":55,"column":8},"end":{"line":55,"column":28}},{"start":{"line":55,"column":32},"end":{"line":55,"column":57}}]}},"s":{"0":2,"1":2,"2":1,"3":1,"4":1,"5":1,"6":1,"7":1,"8":0,"9":5,"10":5,"11":5,"12":5,"13":5,"14":5,"15":5,"16":5,"17":5,"18":5,"19":0,"20":0,"21":11,"22":11,"23":11,"24":11,"25":11,"26":11,"27":11,"28":11,"29":0,"30":0,"31":2},"f":{"0":1,"1":5,"2":11},"b":{"0":[1,0],"1":[1,1],"2":[0,1],"3":[1,1],"4":[0,1],"5":[1,1],"6":[0,1],"7":[1,1],"8":[5,0],"9":[5,5],"10":[0,5],"11":[5,5],"12":[0,5],"13":[5,5],"14":[0,5],"15":[5,5],"16":[5,0],"17":[11,0],"18":[11,11],"19":[0,11],"20":[11,11],"21":[0,11],"22":[11,11],"23":[0,11],"24":[11,11],"25":[11,0],"26":[11,11]}}
,"C:\\Data Flashdisk\\TIAR\\Binar SYNERGY 6\\Tugas\\Challange\\Challenge 8\\binar-car-rental-apps-testing\\api\\src\\middleware\\multer.js": {"path":"C:\\Data Flashdisk\\TIAR\\Binar SYNERGY 6\\Tugas\\Challange\\Challenge 8\\binar-car-rental-apps-testing\\api\\src\\middleware\\multer.js","statementMap":{"0":{"start":{"line":2,"column":15},"end":{"line":2,"column":32}},"1":{"start":{"line":4,"column":16},"end":{"line":4,"column":38}},"2":{"start":{"line":6,"column":0},"end":{"line":6,"column":36}}},"fnMap":{},"branchMap":{},"s":{"0":2,"1":2,"2":2},"f":{},"b":{},"inputSourceMap":null,"_coverageSchema":"1a1c01bbd47fc00a2c39e90264f33305004495a9","hash":"a52cf6bf84edc99e45573c017fd6fde7769bec2a"}
,"C:\\Data Flashdisk\\TIAR\\Binar SYNERGY 6\\Tugas\\Challange\\Challenge 8\\binar-car-rental-apps-testing\\api\\src\\models\\Cars.ts": {"path":"C:\\Data Flashdisk\\TIAR\\Binar SYNERGY 6\\Tugas\\Challange\\Challenge 8\\binar-car-rental-apps-testing\\api\\src\\models\\Cars.ts","statementMap":{"0":{"start":{"line":1,"column":0},"end":{"line":1,"column":51}},"1":{"start":{"line":3,"column":0},"end":{"line":3,"column":13}},"2":{"start":{"line":22,"column":18},"end":{"line":22,"column":null}}},"fnMap":{},"branchMap":{},"s":{"0":3,"1":3,"2":3},"f":{},"b":{}}
,"C:\\Data Flashdisk\\TIAR\\Binar SYNERGY 6\\Tugas\\Challange\\Challenge 8\\binar-car-rental-apps-testing\\api\\src\\models\\Users.ts": {"path":"C:\\Data Flashdisk\\TIAR\\Binar SYNERGY 6\\Tugas\\Challange\\Challenge 8\\binar-car-rental-apps-testing\\api\\src\\models\\Users.ts","statementMap":{"0":{"start":{"line":1,"column":0},"end":{"line":1,"column":51}},"1":{"start":{"line":3,"column":0},"end":{"line":3,"column":13}},"2":{"start":{"line":13,"column":18},"end":{"line":13,"column":null}}},"fnMap":{},"branchMap":{},"s":{"0":6,"1":6,"2":6},"f":{},"b":{}}
,"C:\\Data Flashdisk\\TIAR\\Binar SYNERGY 6\\Tugas\\Challange\\Challenge 8\\binar-car-rental-apps-testing\\api\\src\\models\\logActivities.ts": {"path":"C:\\Data Flashdisk\\TIAR\\Binar SYNERGY 6\\Tugas\\Challange\\Challenge 8\\binar-car-rental-apps-testing\\api\\src\\models\\logActivities.ts","statementMap":{"0":{"start":{"line":1,"column":0},"end":{"line":1,"column":91}},"1":{"start":{"line":2,"column":0},"end":{"line":2,"column":43}},"2":{"start":{"line":16,"column":4},"end":{"line":25,"column":null}},"3":{"start":{"line":4,"column":0},"end":{"line":4,"column":13}},"4":{"start":{"line":13,"column":18},"end":{"line":13,"column":null}}},"fnMap":{"0":{"name":"(anonymous_0)","decl":{"start":{"line":15,"column":2},"end":{"line":15,"column":8}},"loc":{"start":{"line":15,"column":29},"end":{"line":26,"column":3}}}},"branchMap":{},"s":{"0":3,"1":3,"2":0,"3":3,"4":3},"f":{"0":0},"b":{}}
,"C:\\Data Flashdisk\\TIAR\\Binar SYNERGY 6\\Tugas\\Challange\\Challenge 8\\binar-car-rental-apps-testing\\api\\src\\repositories\\carsRepositories.ts": {"path":"C:\\Data Flashdisk\\TIAR\\Binar SYNERGY 6\\Tugas\\Challange\\Challenge 8\\binar-car-rental-apps-testing\\api\\src\\repositories\\carsRepositories.ts","statementMap":{"0":{"start":{"line":1,"column":0},"end":{"line":1,"column":42}},"1":{"start":{"line":5,"column":21},"end":{"line":5,"column":65}},"2":{"start":{"line":7,"column":4},"end":{"line":7,"column":null}},"3":{"start":{"line":11,"column":4},"end":{"line":16,"column":5}},"4":{"start":{"line":12,"column":22},"end":{"line":12,"column":76}},"5":{"start":{"line":13,"column":6},"end":{"line":13,"column":null}},"6":{"start":{"line":15,"column":6},"end":{"line":15,"column":null}},"7":{"start":{"line":20,"column":24},"end":{"line":20,"column":34}},"8":{"start":{"line":21,"column":22},"end":{"line":35,"column":21}},"9":{"start":{"line":37,"column":4},"end":{"line":37,"column":null}},"10":{"start":{"line":41,"column":24},"end":{"line":41,"column":34}},"11":{"start":{"line":42,"column":22},"end":{"line":42,"column":243}},"12":{"start":{"line":44,"column":4},"end":{"line":44,"column":null}},"13":{"start":{"line":48,"column":4},"end":{"line":48,"column":null}},"14":{"start":{"line":52,"column":0},"end":{"line":52,"column":null}}},"fnMap":{"0":{"name":"(anonymous_7)","decl":{"start":{"line":4,"column":8},"end":{"line":4,"column":18}},"loc":{"start":{"line":4,"column":18},"end":{"line":8,"column":null}}},"1":{"name":"(anonymous_9)","decl":{"start":{"line":10,"column":8},"end":{"line":10,"column":18}},"loc":{"start":{"line":10,"column":39},"end":{"line":17,"column":null}}},"2":{"name":"(anonymous_11)","decl":{"start":{"line":19,"column":8},"end":{"line":19,"column":15}},"loc":{"start":{"line":19,"column":199},"end":{"line":38,"column":null}}},"3":{"name":"(anonymous_13)","decl":{"start":{"line":40,"column":8},"end":{"line":40,"column":14}},"loc":{"start":{"line":40,"column":219},"end":{"line":45,"column":null}}},"4":{"name":"(anonymous_15)","decl":{"start":{"line":47,"column":8},"end":{"line":47,"column":17}},"loc":{"start":{"line":47,"column":38},"end":{"line":49,"column":null}}}},"branchMap":{},"s":{"0":3,"1":0,"2":0,"3":0,"4":0,"5":0,"6":0,"7":0,"8":0,"9":0,"10":0,"11":0,"12":0,"13":0,"14":3},"f":{"0":0,"1":0,"2":0,"3":0,"4":0},"b":{}}
,"C:\\Data Flashdisk\\TIAR\\Binar SYNERGY 6\\Tugas\\Challange\\Challenge 8\\binar-car-rental-apps-testing\\api\\src\\repositories\\logActivityRepositories.ts": {"path":"C:\\Data Flashdisk\\TIAR\\Binar SYNERGY 6\\Tugas\\Challange\\Challenge 8\\binar-car-rental-apps-testing\\api\\src\\repositories\\logActivityRepositories.ts","statementMap":{"0":{"start":{"line":1,"column":0},"end":{"line":1,"column":58}},"1":{"start":{"line":5,"column":24},"end":{"line":5,"column":34}},"2":{"start":{"line":6,"column":27},"end":{"line":15,"column":21}},"3":{"start":{"line":17,"column":4},"end":{"line":17,"column":null}},"4":{"start":{"line":21,"column":0},"end":{"line":21,"column":null}}},"fnMap":{"0":{"name":"(anonymous_7)","decl":{"start":{"line":4,"column":8},"end":{"line":4,"column":23}},"loc":{"start":{"line":4,"column":112},"end":{"line":18,"column":null}}}},"branchMap":{},"s":{"0":3,"1":0,"2":0,"3":0,"4":3},"f":{"0":0},"b":{}}
,"C:\\Data Flashdisk\\TIAR\\Binar SYNERGY 6\\Tugas\\Challange\\Challenge 8\\binar-car-rental-apps-testing\\api\\src\\repositories\\usersRepositories.ts": {"path":"C:\\Data Flashdisk\\TIAR\\Binar SYNERGY 6\\Tugas\\Challange\\Challenge 8\\binar-car-rental-apps-testing\\api\\src\\repositories\\usersRepositories.ts","statementMap":{"0":{"start":{"line":1,"column":0},"end":{"line":1,"column":43}},"1":{"start":{"line":5,"column":22},"end":{"line":8,"column":8}},"2":{"start":{"line":10,"column":4},"end":{"line":10,"column":null}},"3":{"start":{"line":14,"column":24},"end":{"line":14,"column":34}},"4":{"start":{"line":15,"column":27},"end":{"line":25,"column":21}},"5":{"start":{"line":27,"column":4},"end":{"line":27,"column":null}},"6":{"start":{"line":31,"column":17},"end":{"line":34,"column":23}},"7":{"start":{"line":36,"column":4},"end":{"line":36,"column":null}},"8":{"start":{"line":40,"column":24},"end":{"line":40,"column":103}},"9":{"start":{"line":42,"column":4},"end":{"line":42,"column":null}},"10":{"start":{"line":46,"column":0},"end":{"line":46,"column":null}}},"fnMap":{"0":{"name":"(anonymous_7)","decl":{"start":{"line":4,"column":8},"end":{"line":4,"column":13}},"loc":{"start":{"line":4,"column":28},"end":{"line":11,"column":null}}},"1":{"name":"(anonymous_9)","decl":{"start":{"line":13,"column":8},"end":{"line":13,"column":16}},"loc":{"start":{"line":13,"column":63},"end":{"line":28,"column":null}}},"2":{"name":"(anonymous_11)","decl":{"start":{"line":30,"column":8},"end":{"line":30,"column":16}},"loc":{"start":{"line":30,"column":37},"end":{"line":37,"column":null}}},"3":{"name":"(anonymous_13)","decl":{"start":{"line":39,"column":8},"end":{"line":39,"column":21}},"loc":{"start":{"line":39,"column":42},"end":{"line":43,"column":null}}}},"branchMap":{},"s":{"0":3,"1":0,"2":0,"3":0,"4":0,"5":0,"6":11,"7":11,"8":0,"9":0,"10":3},"f":{"0":0,"1":0,"2":11,"3":0},"b":{}}
,"C:\\Data Flashdisk\\TIAR\\Binar SYNERGY 6\\Tugas\\Challange\\Challenge 8\\binar-car-rental-apps-testing\\api\\src\\routes\\carRouter.ts": {"path":"C:\\Data Flashdisk\\TIAR\\Binar SYNERGY 6\\Tugas\\Challange\\Challenge 8\\binar-car-rental-apps-testing\\api\\src\\routes\\carRouter.ts","statementMap":{"0":{"start":{"line":1,"column":16},"end":{"line":1,"column":34}},"1":{"start":{"line":2,"column":15},"end":{"line":2,"column":31}},"2":{"start":{"line":3,"column":22},"end":{"line":3,"column":65}},"3":{"start":{"line":4,"column":23},"end":{"line":4,"column":54}},"4":{"start":{"line":5,"column":31},"end":{"line":5,"column":65}},"5":{"start":{"line":8,"column":0},"end":{"line":8,"column":null}},"6":{"start":{"line":9,"column":0},"end":{"line":9,"column":null}},"7":{"start":{"line":12,"column":0},"end":{"line":12,"column":null}},"8":{"start":{"line":13,"column":0},"end":{"line":13,"column":null}},"9":{"start":{"line":14,"column":0},"end":{"line":14,"column":null}},"10":{"start":{"line":15,"column":0},"end":{"line":15,"column":null}},"11":{"start":{"line":16,"column":0},"end":{"line":16,"column":null}},"12":{"start":{"line":18,"column":0},"end":{"line":18,"column":null}}},"fnMap":{},"branchMap":{},"s":{"0":2,"1":2,"2":2,"3":2,"4":2,"5":2,"6":2,"7":2,"8":2,"9":2,"10":2,"11":2,"12":2},"f":{},"b":{}}
,"C:\\Data Flashdisk\\TIAR\\Binar SYNERGY 6\\Tugas\\Challange\\Challenge 8\\binar-car-rental-apps-testing\\api\\src\\routes\\userRouter.ts": {"path":"C:\\Data Flashdisk\\TIAR\\Binar SYNERGY 6\\Tugas\\Challange\\Challenge 8\\binar-car-rental-apps-testing\\api\\src\\routes\\userRouter.ts","statementMap":{"0":{"start":{"line":1,"column":24},"end":{"line":1,"column":66}},"1":{"start":{"line":2,"column":20},"end":{"line":2,"column":38}},"2":{"start":{"line":3,"column":28},"end":{"line":3,"column":62}},"3":{"start":{"line":4,"column":19},"end":{"line":4,"column":39}},"4":{"start":{"line":7,"column":0},"end":{"line":7,"column":null}},"5":{"start":{"line":8,"column":0},"end":{"line":8,"column":null}},"6":{"start":{"line":9,"column":0},"end":{"line":9,"column":null}},"7":{"start":{"line":10,"column":0},"end":{"line":10,"column":null}},"8":{"start":{"line":11,"column":0},"end":{"line":11,"column":null}},"9":{"start":{"line":13,"column":0},"end":{"line":13,"column":null}}},"fnMap":{},"branchMap":{},"s":{"0":2,"1":2,"2":2,"3":2,"4":2,"5":2,"6":2,"7":2,"8":2,"9":2},"f":{},"b":{}}
,"C:\\Data Flashdisk\\TIAR\\Binar SYNERGY 6\\Tugas\\Challange\\Challenge 8\\binar-car-rental-apps-testing\\api\\src\\service\\carsService.ts": {"path":"C:\\Data Flashdisk\\TIAR\\Binar SYNERGY 6\\Tugas\\Challange\\Challenge 8\\binar-car-rental-apps-testing\\api\\src\\service\\carsService.ts","statementMap":{"0":{"start":{"line":1,"column":0},"end":{"line":1,"column":61}},"1":{"start":{"line":4,"column":11},"end":{"line":4,"column":42}},"2":{"start":{"line":7,"column":4},"end":{"line":7,"column":null}},"3":{"start":{"line":11,"column":21},"end":{"line":11,"column":54}},"4":{"start":{"line":12,"column":4},"end":{"line":12,"column":null}},"5":{"start":{"line":16,"column":20},"end":{"line":16,"column":55}},"6":{"start":{"line":18,"column":4},"end":{"line":18,"column":null}},"7":{"start":{"line":22,"column":22},"end":{"line":22,"column":155}},"8":{"start":{"line":24,"column":4},"end":{"line":24,"column":null}},"9":{"start":{"line":28,"column":22},"end":{"line":28,"column":158}},"10":{"start":{"line":29,"column":4},"end":{"line":29,"column":null}},"11":{"start":{"line":33,"column":4},"end":{"line":33,"column":null}},"12":{"start":{"line":37,"column":0},"end":{"line":37,"column":null}}},"fnMap":{"0":{"name":"(anonymous_10)","decl":{"start":{"line":6,"column":2},"end":{"line":6,"column":null}},"loc":{"start":{"line":6,"column":2},"end":{"line":8,"column":3}}},"1":{"name":"(anonymous_11)","decl":{"start":{"line":10,"column":8},"end":{"line":10,"column":18}},"loc":{"start":{"line":10,"column":18},"end":{"line":13,"column":null}}},"2":{"name":"(anonymous_13)","decl":{"start":{"line":15,"column":8},"end":{"line":15,"column":18}},"loc":{"start":{"line":15,"column":39},"end":{"line":19,"column":null}}},"3":{"name":"(anonymous_15)","decl":{"start":{"line":21,"column":8},"end":{"line":21,"column":15}},"loc":{"start":{"line":21,"column":199},"end":{"line":25,"column":null}}},"4":{"name":"(anonymous_17)","decl":{"start":{"line":27,"column":8},"end":{"line":27,"column":14}},"loc":{"start":{"line":27,"column":219},"end":{"line":30,"column":null}}},"5":{"name":"(anonymous_19)","decl":{"start":{"line":32,"column":8},"end":{"line":32,"column":17}},"loc":{"start":{"line":32,"column":38},"end":{"line":34,"column":null}}}},"branchMap":{},"s":{"0":3,"1":0,"2":0,"3":0,"4":0,"5":0,"6":0,"7":0,"8":0,"9":0,"10":0,"11":0,"12":3},"f":{"0":0,"1":0,"2":0,"3":0,"4":0,"5":0},"b":{}}
,"C:\\Data Flashdisk\\TIAR\\Binar SYNERGY 6\\Tugas\\Challange\\Challenge 8\\binar-car-rental-apps-testing\\api\\src\\service\\logActivityService.ts": {"path":"C:\\Data Flashdisk\\TIAR\\Binar SYNERGY 6\\Tugas\\Challange\\Challenge 8\\binar-car-rental-apps-testing\\api\\src\\service\\logActivityService.ts","statementMap":{"0":{"start":{"line":1,"column":0},"end":{"line":1,"column":75}},"1":{"start":{"line":4,"column":11},"end":{"line":4,"column":56}},"2":{"start":{"line":7,"column":4},"end":{"line":7,"column":null}},"3":{"start":{"line":11,"column":22},"end":{"line":11,"column":113}},"4":{"start":{"line":13,"column":4},"end":{"line":13,"column":null}},"5":{"start":{"line":17,"column":0},"end":{"line":17,"column":null}}},"fnMap":{"0":{"name":"(anonymous_10)","decl":{"start":{"line":6,"column":2},"end":{"line":6,"column":null}},"loc":{"start":{"line":6,"column":2},"end":{"line":8,"column":3}}},"1":{"name":"(anonymous_11)","decl":{"start":{"line":10,"column":8},"end":{"line":10,"column":23}},"loc":{"start":{"line":10,"column":111},"end":{"line":14,"column":null}}}},"branchMap":{},"s":{"0":3,"1":0,"2":0,"3":0,"4":0,"5":3},"f":{"0":0,"1":0},"b":{}}
,"C:\\Data Flashdisk\\TIAR\\Binar SYNERGY 6\\Tugas\\Challange\\Challenge 8\\binar-car-rental-apps-testing\\api\\src\\service\\usersService.ts": {"path":"C:\\Data Flashdisk\\TIAR\\Binar SYNERGY 6\\Tugas\\Challange\\Challenge 8\\binar-car-rental-apps-testing\\api\\src\\service\\usersService.ts","statementMap":{"0":{"start":{"line":1,"column":0},"end":{"line":1,"column":62}},"1":{"start":{"line":4,"column":11},"end":{"line":4,"column":42}},"2":{"start":{"line":7,"column":4},"end":{"line":7,"column":null}},"3":{"start":{"line":11,"column":22},"end":{"line":11,"column":55}},"4":{"start":{"line":12,"column":4},"end":{"line":12,"column":null}},"5":{"start":{"line":16,"column":27},"end":{"line":16,"column":79}},"6":{"start":{"line":18,"column":4},"end":{"line":18,"column":null}},"7":{"start":{"line":22,"column":22},"end":{"line":22,"column":55}},"8":{"start":{"line":23,"column":4},"end":{"line":23,"column":null}},"9":{"start":{"line":27,"column":24},"end":{"line":27,"column":62}},"10":{"start":{"line":28,"column":4},"end":{"line":28,"column":null}},"11":{"start":{"line":32,"column":0},"end":{"line":32,"column":null}}},"fnMap":{"0":{"name":"(anonymous_10)","decl":{"start":{"line":6,"column":2},"end":{"line":6,"column":null}},"loc":{"start":{"line":6,"column":2},"end":{"line":8,"column":3}}},"1":{"name":"(anonymous_11)","decl":{"start":{"line":10,"column":8},"end":{"line":10,"column":13}},"loc":{"start":{"line":10,"column":28},"end":{"line":13,"column":null}}},"2":{"name":"(anonymous_13)","decl":{"start":{"line":15,"column":8},"end":{"line":15,"column":16}},"loc":{"start":{"line":15,"column":63},"end":{"line":19,"column":null}}},"3":{"name":"(anonymous_15)","decl":{"start":{"line":21,"column":8},"end":{"line":21,"column":16}},"loc":{"start":{"line":21,"column":28},"end":{"line":24,"column":null}}},"4":{"name":"(anonymous_17)","decl":{"start":{"line":26,"column":8},"end":{"line":26,"column":21}},"loc":{"start":{"line":26,"column":33},"end":{"line":29,"column":null}}}},"branchMap":{},"s":{"0":3,"1":11,"2":11,"3":0,"4":0,"5":0,"6":0,"7":11,"8":11,"9":0,"10":0,"11":3},"f":{"0":11,"1":0,"2":0,"3":11,"4":0},"b":{}}
,"C:\\Data Flashdisk\\TIAR\\Binar SYNERGY 6\\Tugas\\Challange\\Challenge 8\\binar-car-rental-apps-testing\\api\\src\\utils\\checkPassword.ts": {"path":"C:\\Data Flashdisk\\TIAR\\Binar SYNERGY 6\\Tugas\\Challange\\Challenge 8\\binar-car-rental-apps-testing\\api\\src\\utils\\checkPassword.ts","statementMap":{"0":{"start":{"line":1,"column":0},"end":{"line":1,"column":27}},"1":{"start":{"line":4,"column":2},"end":{"line":13,"column":null}},"2":{"start":{"line":5,"column":4},"end":{"line":12,"column":null}},"3":{"start":{"line":6,"column":6},"end":{"line":9,"column":7}},"4":{"start":{"line":7,"column":8},"end":{"line":7,"column":null}},"5":{"start":{"line":8,"column":8},"end":{"line":8,"column":14}},"6":{"start":{"line":11,"column":6},"end":{"line":11,"column":null}},"7":{"start":{"line":3,"column":0},"end":{"line":3,"column":22}},"8":{"start":{"line":16,"column":0},"end":{"line":16,"column":null}}},"fnMap":{"0":{"name":"checkPassword","decl":{"start":{"line":3,"column":22},"end":{"line":3,"column":35}},"loc":{"start":{"line":3,"column":80},"end":{"line":14,"column":null}}},"1":{"name":"(anonymous_10)","decl":{"start":{"line":4,"column":27},"end":{"line":4,"column":28}},"loc":{"start":{"line":4,"column":47},"end":{"line":13,"column":3}}},"2":{"name":"(anonymous_11)","decl":{"start":{"line":5,"column":48},"end":{"line":5,"column":49}},"loc":{"start":{"line":5,"column":89},"end":{"line":12,"column":5}}}},"branchMap":{"0":{"loc":{"start":{"line":6,"column":6},"end":{"line":9,"column":7}},"type":"if","locations":[{"start":{"line":6,"column":6},"end":{"line":9,"column":7}}]}},"s":{"0":2,"1":0,"2":0,"3":0,"4":0,"5":0,"6":0,"7":2,"8":2},"f":{"0":0,"1":0,"2":0},"b":{"0":[0]}}
,"C:\\Data Flashdisk\\TIAR\\Binar SYNERGY 6\\Tugas\\Challange\\Challenge 8\\binar-car-rental-apps-testing\\api\\src\\utils\\cloudinaryUpload.ts": {"path":"C:\\Data Flashdisk\\TIAR\\Binar SYNERGY 6\\Tugas\\Challange\\Challenge 8\\binar-car-rental-apps-testing\\api\\src\\utils\\cloudinaryUpload.ts","statementMap":{"0":{"start":{"line":1,"column":0},"end":{"line":1,"column":51}},"1":{"start":{"line":4,"column":2},"end":{"line":14,"column":null}},"2":{"start":{"line":5,"column":23},"end":{"line":5,"column":53}},"3":{"start":{"line":6,"column":22},"end":{"line":6,"column":66}},"4":{"start":{"line":7,"column":4},"end":{"line":13,"column":null}},"5":{"start":{"line":8,"column":6},"end":{"line":12,"column":7}},"6":{"start":{"line":9,"column":8},"end":{"line":9,"column":null}},"7":{"start":{"line":11,"column":8},"end":{"line":11,"column":null}},"8":{"start":{"line":17,"column":0},"end":{"line":17,"column":null}}},"fnMap":{"0":{"name":"cloudinaryUpload","decl":{"start":{"line":3,"column":15},"end":{"line":3,"column":31}},"loc":{"start":{"line":3,"column":42},"end":{"line":15,"column":2}}},"1":{"name":"(anonymous_10)","decl":{"start":{"line":4,"column":27},"end":{"line":4,"column":28}},"loc":{"start":{"line":4,"column":47},"end":{"line":14,"column":3}}},"2":{"name":"(anonymous_11)","decl":{"start":{"line":7,"column":42},"end":{"line":7,"column":43}},"loc":{"start":{"line":7,"column":71},"end":{"line":13,"column":5}}}},"branchMap":{"0":{"loc":{"start":{"line":8,"column":6},"end":{"line":12,"column":7}},"type":"if","locations":[{"start":{"line":8,"column":6},"end":{"line":12,"column":7}},{"start":{"line":10,"column":13},"end":{"line":12,"column":7}}]}},"s":{"0":2,"1":2,"2":2,"3":2,"4":2,"5":2,"6":0,"7":2,"8":2},"f":{"0":2,"1":2,"2":2},"b":{"0":[0,2]}}
,"C:\\Data Flashdisk\\TIAR\\Binar SYNERGY 6\\Tugas\\Challange\\Challenge 8\\binar-car-rental-apps-testing\\api\\src\\utils\\createToken.ts": {"path":"C:\\Data Flashdisk\\TIAR\\Binar SYNERGY 6\\Tugas\\Challange\\Challenge 8\\binar-car-rental-apps-testing\\api\\src\\utils\\createToken.ts","statementMap":{"0":{"start":{"line":1,"column":0},"end":{"line":1,"column":30}},"1":{"start":{"line":10,"column":16},"end":{"line":10,"column":73}},"2":{"start":{"line":11,"column":2},"end":{"line":11,"column":null}},"3":{"start":{"line":14,"column":0},"end":{"line":14,"column":null}}},"fnMap":{"0":{"name":"createToken","decl":{"start":{"line":9,"column":9},"end":{"line":9,"column":20}},"loc":{"start":{"line":9,"column":42},"end":{"line":12,"column":1}}}},"branchMap":{"0":{"loc":{"start":{"line":10,"column":34},"end":{"line":10,"column":72}},"type":"cond-expr","locations":[{"start":{"line":10,"column":59},"end":{"line":10,"column":63}},{"start":{"line":10,"column":63},"end":{"line":10,"column":72}}]},"1":{"loc":{"start":{"line":10,"column":34},"end":{"line":10,"column":63}},"type":"binary-expr","locations":[{"start":{"line":10,"column":34},"end":{"line":10,"column":63}},{"start":{"line":10,"column":59},"end":{"line":10,"column":63}}]}},"s":{"0":3,"1":3,"2":3,"3":3},"f":{"0":3},"b":{"0":[0,3],"1":[3,3]}}
,"C:\\Data Flashdisk\\TIAR\\Binar SYNERGY 6\\Tugas\\Challange\\Challenge 8\\binar-car-rental-apps-testing\\api\\src\\utils\\encrtpyPassword.ts": {"path":"C:\\Data Flashdisk\\TIAR\\Binar SYNERGY 6\\Tugas\\Challange\\Challenge 8\\binar-car-rental-apps-testing\\api\\src\\utils\\encrtpyPassword.ts","statementMap":{"0":{"start":{"line":1,"column":0},"end":{"line":1,"column":27}},"1":{"start":{"line":4,"column":2},"end":{"line":11,"column":null}},"2":{"start":{"line":5,"column":4},"end":{"line":10,"column":5}},"3":{"start":{"line":6,"column":29},"end":{"line":6,"column":58}},"4":{"start":{"line":7,"column":6},"end":{"line":7,"column":null}},"5":{"start":{"line":9,"column":6},"end":{"line":9,"column":null}},"6":{"start":{"line":14,"column":0},"end":{"line":14,"column":null}}},"fnMap":{"0":{"name":"encryptPassword","decl":{"start":{"line":3,"column":15},"end":{"line":3,"column":30}},"loc":{"start":{"line":3,"column":48},"end":{"line":12,"column":null}}},"1":{"name":"(anonymous_10)","decl":{"start":{"line":4,"column":27},"end":{"line":4,"column":28}},"loc":{"start":{"line":4,"column":47},"end":{"line":11,"column":3}}}},"branchMap":{},"s":{"0":3,"1":1,"2":1,"3":1,"4":1,"5":0,"6":3},"f":{"0":1,"1":1},"b":{}}
}
