TN:
SF:index.ts
FN:39,(anonymous_1)
FNF:1
FNH:1
FNDA:1,(anonymous_1)
DA:1,2
DA:2,2
DA:3,2
DA:4,2
DA:5,2
DA:6,2
DA:7,2
DA:8,2
DA:9,2
DA:10,2
DA:11,2
DA:12,2
DA:13,2
DA:14,2
DA:24,2
DA:26,2
DA:27,2
DA:28,2
DA:29,2
DA:30,2
DA:31,2
DA:32,2
DA:33,2
DA:34,2
DA:35,2
DA:37,2
DA:39,2
DA:40,1
LF:28
LH:28
BRF:0
BRH:0
end_of_record
TN:
SF:src\config\cloudinaryConfig.ts
FNF:0
FNH:0
DA:1,2
DA:2,2
DA:4,2
DA:10,2
LF:4
LH:4
BRF:0
BRH:0
end_of_record
TN:
SF:src\controllers\carsControllers.ts
FN:19,(anonymous_8)
FN:23,(anonymous_9)
FN:28,(anonymous_10)
FN:28,(anonymous_11)
FN:37,(anonymous_12)
FN:37,(anonymous_13)
FN:54,(anonymous_14)
FN:54,(anonymous_15)
FN:79,(anonymous_16)
FN:79,(anonymous_17)
FN:103,(anonymous_18)
FN:103,(anonymous_19)
FNF:12
FNH:10
FNDA:0,(anonymous_8)
FNDA:0,(anonymous_9)
FNDA:2,(anonymous_10)
FNDA:2,(anonymous_11)
FNDA:4,(anonymous_12)
FNDA:4,(anonymous_13)
FNDA:6,(anonymous_14)
FNDA:6,(anonymous_15)
FNDA:6,(anonymous_16)
FNDA:6,(anonymous_17)
FNDA:5,(anonymous_18)
FNDA:5,(anonymous_19)
DA:2,3
DA:3,3
DA:4,3
DA:19,3
DA:20,0
DA:23,3
DA:24,0
DA:28,3
DA:29,2
DA:31,2
DA:37,4
DA:38,4
DA:39,4
DA:41,4
DA:42,2
DA:45,2
DA:48,2
DA:54,6
DA:55,6
DA:56,6
DA:57,2
DA:60,2
DA:62,4
DA:63,4
DA:64,4
DA:65,4
DA:66,3
DA:68,2
DA:74,2
DA:75,2
DA:79,6
DA:80,6
DA:81,6
DA:82,6
DA:83,5
DA:84,5
DA:85,5
DA:86,2
DA:87,2
DA:89,3
DA:90,3
DA:91,2
DA:92,2
DA:98,2
DA:99,2
DA:103,5
DA:104,5
DA:105,5
DA:106,5
DA:107,4
DA:109,4
DA:110,2
DA:111,2
DA:114,2
DA:115,2
DA:117,2
DA:122,1
DA:123,1
DA:127,3
LF:59
LH:57
BRDA:41,0,0,2
BRDA:41,1,0,4
BRDA:41,1,1,2
BRDA:56,2,0,2
BRDA:85,3,0,2
BRDA:85,4,0,5
BRDA:85,4,1,3
BRDA:89,5,0,1
BRDA:89,5,1,2
BRDA:109,6,0,2
BRF:10
BRH:10
end_of_record
TN:
SF:src\controllers\usersControllers.ts
FN:7,(anonymous_8)
FN:11,(anonymous_9)
FN:11,(anonymous_10)
FN:46,(anonymous_11)
FN:46,(anonymous_12)
FN:59,(anonymous_13)
FN:59,(anonymous_14)
FN:63,(anonymous_15)
FN:63,(anonymous_16)
FNF:9
FNH:8
FNDA:0,(anonymous_8)
FNDA:6,(anonymous_9)
FNDA:6,(anonymous_10)
FNDA:2,(anonymous_11)
FNDA:2,(anonymous_12)
FNDA:2,(anonymous_13)
FNDA:2,(anonymous_14)
FNDA:9,(anonymous_15)
FNDA:9,(anonymous_16)
DA:2,3
DA:3,3
DA:4,3
DA:5,3
DA:7,3
DA:8,0
DA:11,6
DA:12,6
DA:13,6
DA:15,6
DA:17,6
DA:18,2
DA:19,2
DA:21,4
DA:26,4
DA:27,2
DA:28,2
DA:31,2
DA:37,2
DA:46,3
DA:47,2
DA:48,2
DA:49,2
DA:51,2
DA:52,2
DA:59,3
DA:60,2
DA:63,9
DA:64,9
DA:65,9
DA:66,9
DA:67,9
DA:68,8
DA:70,8
DA:71,2
DA:72,2
DA:75,6
DA:77,6
DA:78,2
DA:79,2
DA:82,4
DA:83,2
DA:84,2
DA:87,2
DA:88,2
DA:93,1
DA:94,1
DA:98,3
LF:48
LH:47
BRDA:17,0,0,2
BRDA:26,1,0,2
BRDA:70,2,0,2
BRDA:77,3,0,2
BRDA:82,4,0,2
BRF:5
BRH:5
end_of_record
TN:
SF:src\middleware\authorize.ts
FN:5,authorize
FN:19,isSuperAdmin
FN:45,isAdminOrSuperAdmin
FNF:3
FNH:3
FNDA:1,authorize
FNDA:5,isSuperAdmin
FNDA:11,isAdminOrSuperAdmin
DA:2,2
DA:3,2
DA:6,1
DA:7,1
DA:8,1
DA:9,1
DA:11,1
DA:12,1
DA:14,0
DA:20,5
DA:21,5
DA:22,5
DA:23,5
DA:24,5
DA:26,5
DA:28,5
DA:29,5
DA:31,5
DA:32,5
DA:34,0
DA:39,0
DA:46,11
DA:47,11
DA:48,11
DA:49,11
DA:51,11
DA:53,11
DA:55,11
DA:56,11
DA:58,0
DA:63,0
DA:69,2
LF:32
LH:27
BRDA:8,0,0,1
BRDA:8,0,1,0
BRDA:8,1,0,1
BRDA:8,1,1,1
BRDA:8,2,0,0
BRDA:8,2,1,1
BRDA:8,3,0,1
BRDA:8,3,1,1
BRDA:8,4,0,0
BRDA:8,4,1,1
BRDA:8,5,0,1
BRDA:8,5,1,1
BRDA:9,6,0,0
BRDA:9,6,1,1
BRDA:9,7,0,1
BRDA:9,7,1,1
BRDA:22,8,0,5
BRDA:22,8,1,0
BRDA:22,9,0,5
BRDA:22,9,1,5
BRDA:22,10,0,0
BRDA:22,10,1,5
BRDA:22,11,0,5
BRDA:22,11,1,5
BRDA:22,12,0,0
BRDA:22,12,1,5
BRDA:22,13,0,5
BRDA:22,13,1,5
BRDA:23,14,0,0
BRDA:23,14,1,5
BRDA:23,15,0,5
BRDA:23,15,1,5
BRDA:31,16,0,5
BRDA:31,16,1,0
BRDA:48,17,0,11
BRDA:48,17,1,0
BRDA:48,18,0,11
BRDA:48,18,1,11
BRDA:48,19,0,0
BRDA:48,19,1,11
BRDA:48,20,0,11
BRDA:48,20,1,11
BRDA:48,21,0,0
BRDA:48,21,1,11
BRDA:48,22,0,11
BRDA:48,22,1,11
BRDA:49,23,0,0
BRDA:49,23,1,11
BRDA:49,24,0,11
BRDA:49,24,1,11
BRDA:55,25,0,11
BRDA:55,25,1,0
BRDA:55,26,0,11
BRDA:55,26,1,11
BRF:54
BRH:40
end_of_record
TN:
SF:src\middleware\multer.js
FNF:0
FNH:0
DA:2,2
DA:4,2
DA:6,2
LF:3
LH:3
BRF:0
BRH:0
end_of_record
TN:
SF:src\models\Cars.ts
FNF:0
FNH:0
DA:1,3
DA:3,3
DA:22,3
LF:3
LH:3
BRF:0
BRH:0
end_of_record
TN:
SF:src\models\Users.ts
FNF:0
FNH:0
DA:1,6
DA:3,6
DA:13,6
LF:3
LH:3
BRF:0
BRH:0
end_of_record
TN:
SF:src\models\logActivities.ts
FN:15,(anonymous_0)
FNF:1
FNH:0
FNDA:0,(anonymous_0)
DA:1,3
DA:2,3
DA:4,3
DA:13,3
DA:16,0
LF:5
LH:4
BRF:0
BRH:0
end_of_record
TN:
SF:src\repositories\carsRepositories.ts
FN:4,(anonymous_7)
FN:10,(anonymous_9)
FN:19,(anonymous_11)
FN:40,(anonymous_13)
FN:47,(anonymous_15)
FNF:5
FNH:0
FNDA:0,(anonymous_7)
FNDA:0,(anonymous_9)
FNDA:0,(anonymous_11)
FNDA:0,(anonymous_13)
FNDA:0,(anonymous_15)
DA:1,3
DA:5,0
DA:7,0
DA:11,0
DA:12,0
DA:13,0
DA:15,0
DA:20,0
DA:21,0
DA:37,0
DA:41,0
DA:42,0
DA:44,0
DA:48,0
DA:52,3
LF:15
LH:2
BRF:0
BRH:0
end_of_record
TN:
SF:src\repositories\logActivityRepositories.ts
FN:4,(anonymous_7)
FNF:1
FNH:0
FNDA:0,(anonymous_7)
DA:1,3
DA:5,0
DA:6,0
DA:17,0
DA:21,3
LF:5
LH:2
BRF:0
BRH:0
end_of_record
TN:
SF:src\repositories\usersRepositories.ts
FN:4,(anonymous_7)
FN:13,(anonymous_9)
FN:30,(anonymous_11)
FN:39,(anonymous_13)
FNF:4
FNH:1
FNDA:0,(anonymous_7)
FNDA:0,(anonymous_9)
FNDA:11,(anonymous_11)
FNDA:0,(anonymous_13)
DA:1,3
DA:5,0
DA:10,0
DA:14,0
DA:15,0
DA:27,0
DA:31,11
DA:36,11
DA:40,0
DA:42,0
DA:46,3
LF:11
LH:4
BRF:0
BRH:0
end_of_record
TN:
SF:src\routes\carRouter.ts
FNF:0
FNH:0
DA:1,2
DA:2,2
DA:3,2
DA:4,2
DA:5,2
DA:8,2
DA:9,2
DA:12,2
DA:13,2
DA:14,2
DA:15,2
DA:16,2
DA:18,2
LF:13
LH:13
BRF:0
BRH:0
end_of_record
TN:
SF:src\routes\userRouter.ts
FNF:0
FNH:0
DA:1,2
DA:2,2
DA:3,2
DA:4,2
DA:7,2
DA:8,2
DA:9,2
DA:10,2
DA:11,2
DA:13,2
LF:10
LH:10
BRF:0
BRH:0
end_of_record
TN:
SF:src\service\carsService.ts
FN:6,(anonymous_10)
FN:10,(anonymous_11)
FN:15,(anonymous_13)
FN:21,(anonymous_15)
FN:27,(anonymous_17)
FN:32,(anonymous_19)
FNF:6
FNH:0
FNDA:0,(anonymous_10)
FNDA:0,(anonymous_11)
FNDA:0,(anonymous_13)
FNDA:0,(anonymous_15)
FNDA:0,(anonymous_17)
FNDA:0,(anonymous_19)
DA:1,3
DA:4,0
DA:7,0
DA:11,0
DA:12,0
DA:16,0
DA:18,0
DA:22,0
DA:24,0
DA:28,0
DA:29,0
DA:33,0
DA:37,3
LF:13
LH:2
BRF:0
BRH:0
end_of_record
TN:
SF:src\service\logActivityService.ts
FN:6,(anonymous_10)
FN:10,(anonymous_11)
FNF:2
FNH:0
FNDA:0,(anonymous_10)
FNDA:0,(anonymous_11)
DA:1,3
DA:4,0
DA:7,0
DA:11,0
DA:13,0
DA:17,3
LF:6
LH:2
BRF:0
BRH:0
end_of_record
TN:
SF:src\service\usersService.ts
FN:6,(anonymous_10)
FN:10,(anonymous_11)
FN:15,(anonymous_13)
FN:21,(anonymous_15)
FN:26,(anonymous_17)
FNF:5
FNH:2
FNDA:11,(anonymous_10)
FNDA:0,(anonymous_11)
FNDA:0,(anonymous_13)
FNDA:11,(anonymous_15)
FNDA:0,(anonymous_17)
DA:1,3
DA:4,11
DA:7,11
DA:11,0
DA:12,0
DA:16,0
DA:18,0
DA:22,11
DA:23,11
DA:27,0
DA:28,0
DA:32,3
LF:12
LH:6
BRF:0
BRH:0
end_of_record
TN:
SF:src\utils\checkPassword.ts
FN:3,checkPassword
FN:4,(anonymous_10)
FN:5,(anonymous_11)
FNF:3
FNH:0
FNDA:0,checkPassword
FNDA:0,(anonymous_10)
FNDA:0,(anonymous_11)
DA:1,2
DA:3,2
DA:4,0
DA:5,0
DA:6,0
DA:7,0
DA:8,0
DA:11,0
DA:16,2
LF:9
LH:3
BRDA:6,0,0,0
BRF:1
BRH:0
end_of_record
TN:
SF:src\utils\cloudinaryUpload.ts
FN:3,cloudinaryUpload
FN:4,(anonymous_10)
FN:7,(anonymous_11)
FNF:3
FNH:3
FNDA:2,cloudinaryUpload
FNDA:2,(anonymous_10)
FNDA:2,(anonymous_11)
DA:1,2
DA:4,2
DA:5,2
DA:6,2
DA:7,2
DA:8,2
DA:9,0
DA:11,2
DA:17,2
LF:9
LH:8
BRDA:8,0,0,0
BRDA:8,0,1,2
BRF:2
BRH:1
end_of_record
TN:
SF:src\utils\createToken.ts
FN:9,createToken
FNF:1
FNH:1
FNDA:3,createToken
DA:1,3
DA:10,3
DA:11,3
DA:14,3
LF:4
LH:4
BRDA:10,0,0,0
BRDA:10,0,1,3
BRDA:10,1,0,3
BRDA:10,1,1,3
BRF:4
BRH:3
end_of_record
TN:
SF:src\utils\encrtpyPassword.ts
FN:3,encryptPassword
FN:4,(anonymous_10)
FNF:2
FNH:2
FNDA:1,encryptPassword
FNDA:1,(anonymous_10)
DA:1,3
DA:4,1
DA:5,1
DA:6,1
DA:7,1
DA:9,0
DA:14,3
LF:7
LH:6
BRF:0
BRH:0
end_of_record
